#
# There is insufficient memory for the Java Runtime Environment to continue.
# Native memory allocation (mmap) failed to map 268435456 bytes for Failed to commit area from 0x0000000700e00000 to 0x0000000710e00000 of length 268435456.
# Possible reasons:
#   The system is out of physical RAM or swap space
#   The process is running with CompressedOops enabled, and the Java Heap may be blocking the growth of the native heap
# Possible solutions:
#   Reduce memory load on the system
#   Increase physical memory or swap space
#   Check if swap backing store is full
#   Decrease Java heap size (-Xmx/-Xms)
#   Decrease number of Java threads
#   Decrease Java thread stack sizes (-Xss)
#   Set larger code cache with -XX:ReservedCodeCacheSize=
# This output file may be truncated or incomplete.
#
#  Out of Memory Error (./src/hotspot/os/windows/os_windows.cpp:3387), pid=57464, tid=65348
#
# JRE version:  (11.0.14.1+1) (build )
# Java VM: OpenJDK 64-Bit Server VM (11.0.14.1+1, mixed mode, sharing, tiered, compressed oops, g1 gc, windows-amd64)
# No core dump will be written. Minidumps are not enabled by default on client versions of Windows
#

---------------  S U M M A R Y ------------

Command Line: -Dclassworlds.conf=C:\Users\acole\Documents\netbeans\java\maven\bin\m2.conf -Dmaven.home=C:\Users\acole\Documents\netbeans\java\maven -Dmaven.multiModuleProjectDirectory=C:\Users\acole\Documents\Projects\RockPaperScissors\RockPaperScissors org.codehaus.plexus.classworlds.launcher.Launcher -Dexec.args=-classpath %classpath com.sg.rockpaperscissors.ImprovedRockPaperScissors -Dexec.executable=C:\Program Files\Eclipse Adoptium\jdk-11.0.14.101-hotspot\bin\java.exe -Dexec.classpathScope=runtime -Dmaven.ext.class.path=C:\Users\acole\Documents\netbeans\java\maven-nblib\netbeans-eventspy.jar -Dfile.encoding=UTF-8 process-classes org.codehaus.mojo:exec-maven-plugin:1.5.0:exec

Host: AMD Ryzen 5 3400G with Radeon Vega Graphics    , 8 cores, 15G,  Windows 11 , 64 bit Build 22000 (10.0.22000.434)
Time: Tue Mar 29 17:43:15 2022 Central Daylight Time elapsed time: 0.011296 seconds (0d 0h 0m 0s)

---------------  T H R E A D  ---------------

Current thread (0x00000175a4f51800):  JavaThread "Unknown thread" [_thread_in_vm, id=65348, stack(0x00000045d4a00000,0x00000045d4b00000)]

Stack: [0x00000045d4a00000,0x00000045d4b00000]
Native frames: (J=compiled Java code, j=interpreted, Vv=VM code, C=native code)
V  [jvm.dll+0x61e59a]
V  [jvm.dll+0x7aaca9]
V  [jvm.dll+0x7ac398]
V  [jvm.dll+0x7aca73]
V  [jvm.dll+0x24f9b8]
V  [jvm.dll+0x61b83a]
V  [jvm.dll+0x6100c5]
V  [jvm.dll+0x30772c]
V  [jvm.dll+0x3075b2]
V  [jvm.dll+0x30c2d6]
V  [jvm.dll+0x35272f]
V  [jvm.dll+0x352160]
V  [jvm.dll+0x2e4728]
V  [jvm.dll+0x2e5886]
V  [jvm.dll+0x784b07]
V  [jvm.dll+0x78628f]
V  [jvm.dll+0x35f479]
V  [jvm.dll+0x767aa0]
V  [jvm.dll+0x3ccf1f]
V  [jvm.dll+0x3cf2b1]
C  [jli.dll+0x5207]
C  [ucrtbase.dll+0x26c0c]
C  [KERNEL32.DLL+0x154e0]
C  [ntdll.dll+0x485b]


---------------  P R O C E S S  ---------------

Threads class SMR info:
_java_thread_list=0x00000175a2e77e80, length=0, elements={
}

Java Threads: ( => current thread )

Other Threads:
  0x00000175a4f68000 GCTaskThread "GC Thread#0" [stack: 0x00000045d4b00000,0x00000045d4c00000] [id=64160]
  0x00000175a4fc6000 ConcurrentGCThread "G1 Main Marker" [stack: 0x00000045d4c00000,0x00000045d4d00000] [id=54996]
  0x00000175a4fcb800 ConcurrentGCThread "G1 Conc#0" [stack: 0x00000045d4d00000,0x00000045d4e00000] [id=47096]

[error occurred during error reporting (printing all threads), id 0xc0000005, EXCEPTION_ACCESS_VIOLATION (0xc0000005) at pc=0x00007ffc85fb3ef7]

VM state:not at safepoint (not fully initialized)

VM Mutex/Monitor currently owned by a thread:  ([mutex/lock_event])
[0x00000175a4f4c870] Heap_lock - owner thread: 0x00000175a4f51800

Heap address: 0x0000000700e00000, size: 4082 MB, Compressed Oops mode: Non-zero based: 0x0000000700e00000
Narrow klass base: 0x0000000000000000, Narrow klass shift: 0

GC Heap History (0 events):
No events

Deoptimization events (0 events):
No events

Classes redefined (0 events):
No events

Internal exceptions (0 events):
No events

Events (1 events):
Event: 0.007 Loaded shared library C:\Program Files\Eclipse Adoptium\jdk-11.0.14.101-hotspot\bin\zip.dll


Dynamic libraries:
0x00007ff6e6130000 - 0x00007ff6e613d000 	C:\Program Files\Eclipse Adoptium\jdk-11.0.14.101-hotspot\bin\java.exe
0x00007ffcce5a0000 - 0x00007ffcce7a9000 	C:\WINDOWS\SYSTEM32\ntdll.dll
0x00007ffccdab0000 - 0x00007ffccdb6d000 	C:\WINDOWS\System32\KERNEL32.DLL
0x00007ffccbc80000 - 0x00007ffccbff4000 	C:\WINDOWS\System32\KERNELBASE.dll
0x00007ffccc0c0000 - 0x00007ffccc1d1000 	C:\WINDOWS\System32\ucrtbase.dll
0x00007ffcbf5b0000 - 0x00007ffcbf5c7000 	C:\Program Files\Eclipse Adoptium\jdk-11.0.14.101-hotspot\bin\jli.dll
0x00007ffcc7740000 - 0x00007ffcc7755000 	C:\Program Files\Eclipse Adoptium\jdk-11.0.14.101-hotspot\bin\VCRUNTIME140.dll
0x00007ffcccbf0000 - 0x00007ffcccd9c000 	C:\WINDOWS\System32\USER32.dll
0x00007ffcbdf70000 - 0x00007ffcbe215000 	C:\WINDOWS\WinSxS\amd64_microsoft.windows.common-controls_6595b64144ccf1df_6.0.22000.120_none_9d947278b86cc467\COMCTL32.dll
0x00007ffccc410000 - 0x00007ffccc436000 	C:\WINDOWS\System32\win32u.dll
0x00007ffcce2e0000 - 0x00007ffcce383000 	C:\WINDOWS\System32\msvcrt.dll
0x00007ffcce230000 - 0x00007ffcce259000 	C:\WINDOWS\System32\GDI32.dll
0x00007ffccc1e0000 - 0x00007ffccc2f2000 	C:\WINDOWS\System32\gdi32full.dll
0x00007ffccc300000 - 0x00007ffccc39d000 	C:\WINDOWS\System32\msvcp_win.dll
0x00007ffccdb70000 - 0x00007ffccdba1000 	C:\WINDOWS\System32\IMM32.DLL
0x00007ffca9d50000 - 0x00007ffca9deb000 	C:\Program Files\Eclipse Adoptium\jdk-11.0.14.101-hotspot\bin\msvcp140.dll
0x00007ffc85cc0000 - 0x00007ffc86841000 	C:\Program Files\Eclipse Adoptium\jdk-11.0.14.101-hotspot\bin\server\jvm.dll
0x00007ffccd170000 - 0x00007ffccd21e000 	C:\WINDOWS\System32\ADVAPI32.dll
0x00007ffccd220000 - 0x00007ffccd2be000 	C:\WINDOWS\System32\sechost.dll
0x00007ffcccf40000 - 0x00007ffccd060000 	C:\WINDOWS\System32\RPCRT4.dll
0x00007ffcce260000 - 0x00007ffcce268000 	C:\WINDOWS\System32\PSAPI.DLL
0x00007ffcc0a80000 - 0x00007ffcc0a89000 	C:\WINDOWS\SYSTEM32\WSOCK32.dll
0x00007ffcb7b80000 - 0x00007ffcb7bb3000 	C:\WINDOWS\SYSTEM32\WINMM.dll
0x00007ffccd0f0000 - 0x00007ffccd15f000 	C:\WINDOWS\System32\WS2_32.dll
0x00007ffcc8340000 - 0x00007ffcc834a000 	C:\WINDOWS\SYSTEM32\VERSION.dll
0x00007ffccac80000 - 0x00007ffccac98000 	C:\WINDOWS\SYSTEM32\kernel.appcore.dll
0x00007ffcc7f10000 - 0x00007ffcc7f20000 	C:\Program Files\Eclipse Adoptium\jdk-11.0.14.101-hotspot\bin\verify.dll
0x00007ffcc73c0000 - 0x00007ffcc75e1000 	C:\WINDOWS\SYSTEM32\DBGHELP.DLL
0x00007ffcc7380000 - 0x00007ffcc73b1000 	C:\WINDOWS\SYSTEM32\dbgcore.DLL
0x00007ffccba90000 - 0x00007ffccbb0f000 	C:\WINDOWS\System32\bcryptPrimitives.dll
0x00007ffcb2c30000 - 0x00007ffcb2c58000 	C:\Program Files\Eclipse Adoptium\jdk-11.0.14.101-hotspot\bin\java.dll
0x00007ffcc7720000 - 0x00007ffcc772a000 	C:\Program Files\Eclipse Adoptium\jdk-11.0.14.101-hotspot\bin\jimage.dll
0x00007ffcc6720000 - 0x00007ffcc6738000 	C:\Program Files\Eclipse Adoptium\jdk-11.0.14.101-hotspot\bin\zip.dll

dbghelp: loaded successfully - version: 4.0.5 - missing functions: none
symbol engine: initialized successfully - sym options: 0x614 - pdb path: .;C:\Program Files\Eclipse Adoptium\jdk-11.0.14.101-hotspot\bin;C:\WINDOWS\SYSTEM32;C:\WINDOWS\WinSxS\amd64_microsoft.windows.common-controls_6595b64144ccf1df_6.0.22000.120_none_9d947278b86cc467;C:\Program Files\Eclipse Adoptium\jdk-11.0.14.101-hotspot\bin\server

VM Arguments:
jvm_args: -Dclassworlds.conf=C:\Users\acole\Documents\netbeans\java\maven\bin\m2.conf -Dmaven.home=C:\Users\acole\Documents\netbeans\java\maven -Dmaven.multiModuleProjectDirectory=C:\Users\acole\Documents\Projects\RockPaperScissors\RockPaperScissors 
java_command: org.codehaus.plexus.classworlds.launcher.Launcher -Dexec.args=-classpath %classpath com.sg.rockpaperscissors.ImprovedRockPaperScissors -Dexec.executable=C:\Program Files\Eclipse Adoptium\jdk-11.0.14.101-hotspot\bin\java.exe -Dexec.classpathScope=runtime -Dmaven.ext.class.path=C:\Users\acole\Documents\netbeans\java\maven-nblib\netbeans-eventspy.jar -Dfile.encoding=UTF-8 process-classes org.codehaus.mojo:exec-maven-plugin:1.5.0:exec
java_class_path (initial): C:\Users\acole\Documents\netbeans\java\maven\boot\plexus-classworlds-2.5.2.jar
Launcher Type: SUN_STANDARD

[Global flags]
     intx CICompilerCount                          = 4                                         {product} {ergonomic}
     uint ConcGCThreads                            = 2                                         {product} {ergonomic}
     uint G1ConcRefinementThreads                  = 8                                         {product} {ergonomic}
   size_t G1HeapRegionSize                         = 1048576                                   {product} {ergonomic}
    uintx GCDrainStackTargetSize                   = 64                                        {product} {ergonomic}
   size_t InitialHeapSize                          = 268435456                                 {product} {ergonomic}
   size_t MarkStackSize                            = 4194304                                   {product} {ergonomic}
   size_t MaxHeapSize                              = 4280287232                                {product} {ergonomic}
   size_t MinHeapDeltaBytes                        = 1048576                                   {product} {ergonomic}
    uintx NonNMethodCodeHeapSize                   = 5836300                                {pd product} {ergonomic}
    uintx NonProfiledCodeHeapSize                  = 122910970                              {pd product} {ergonomic}
    uintx ProfiledCodeHeapSize                     = 122910970                              {pd product} {ergonomic}
    uintx ReservedCodeCacheSize                    = 251658240                              {pd product} {ergonomic}
     bool SegmentedCodeCache                       = true                                      {product} {ergonomic}
     bool UseCompressedClassPointers               = true                                 {lp64_product} {ergonomic}
     bool UseCompressedOops                        = true                                 {lp64_product} {ergonomic}
     bool UseG1GC                                  = true                                      {product} {ergonomic}
     bool UseLargePagesIndividualAllocation        = false                                  {pd product} {ergonomic}

Logging:
Log output configuration:
 #0: stdout all=warning uptime,level,tags
 #1: stderr all=off uptime,level,tags

Environment Variables:
JAVA_HOME=C:\Program Files\Eclipse Adoptium\jdk-11.0.14.101-hotspot
PATH=C:\Program Files\Eclipse Adoptium\jdk-11.0.14.101-hotspot\bin;C:\Program Files (x86)\Razer Chroma SDK\bin;C:\Program Files\Razer Chroma SDK\bin;C:\Program Files (x86)\Razer\ChromaBroadcast\bin;C:\Program Files\Razer\ChromaBroadcast\bin;C:\Windows\system32;C:\Windows;C:\Windows\System32\Wbem;C:\Windows\System32\WindowsPowerShell\v1.0\;C:\Windows\System32\OpenSSH\;C:\Program Files (x86)\NVIDIA Corporation\PhysX\Common;C:\Program Files\NVIDIA Corporation\NVIDIA NvDLISR;C:\Windows\system32\config\systemprofile\AppData\Local\Microsoft\WindowsApps;C:\WINDOWS\system32;C:\WINDOWS;C:\WINDOWS\System32\Wbem;C:\WINDOWS\System32\WindowsPowerShell\v1.0\;C:\WINDOWS\System32\OpenSSH\;C:\Program Files\nodejs\;C:\Program Files\dotnet\;C:\Program Files\Git\cmd;C:\Program Files\MySQL\MySQL Shell 8.0\bin\;C:\Users\acole\AppData\Local\Microsoft\WindowsApps;;C:\Users\acole\AppData\Roaming\npm;C:\Users\acole\AppData\Local\Programs\Microsoft VS Code\bin;C:\Users\acole\.dotnet\tools
USERNAME=acole
OS=Windows_NT
PROCESSOR_IDENTIFIER=AMD64 Family 23 Model 24 Stepping 1, AuthenticAMD



---------------  S Y S T E M  ---------------

OS: Windows 11 , 64 bit Build 22000 (10.0.22000.434)
OS uptime: 20 days 13:42 hours

CPU:total 8 (initial active 8) (8 cores per cpu, 2 threads per core) family 23 model 24 stepping 1 microcode 0x0, cmov, cx8, fxsr, mmx, sse, sse2, sse3, ssse3, sse4.1, sse4.2, popcnt, avx, avx2, aes, clmul, mmxext, 3dnowpref, lzcnt, sse4a, ht, tsc, tscinvbit, tscinv, bmi1, bmi2, adx, sha, fma

Memory: 4k page, system-wide physical 16320M (4067M free)
TotalPageFile size 25325M (AvailPageFile size 207M)
current process WorkingSet (physical memory assigned to process): 10M, peak: 10M
current process commit charge ("private bytes"): 60M, peak: 316M

vm_info: OpenJDK 64-Bit Server VM (11.0.14.1+1) for windows-amd64 JRE (11.0.14.1+1), built on Feb  9 2022 01:48:27 by "" with unknown MS VC++:1916

END.
